app/build/outputs/logs/manifest-merger-debug-report.txt
-- Merging decision tree log ---
manifest
ADDED from src\main\AndroidManifest.xml:2:1-143:12
	package
		ADDED from src\main\AndroidManifest.xml:3:5-28
		INJECTED from src\main\AndroidManifest.xml
		INJECTED from src\main\AndroidManifest.xml
	android:versionName
		ADDED from src\main\AndroidManifest.xml:5:5-30
		INJECTED from src\main\AndroidManifest.xml
		INJECTED from src\main\AndroidManifest.xml
	android:versionCode
		ADDED from src\main\AndroidManifest.xml:4:5-28
		INJECTED from src\main\AndroidManifest.xml
		INJECTED from src\main\AndroidManifest.xml
	xmlns:android
		ADDED from src\main\AndroidManifest.xml:2:11-69
uses-sdk
ADDED from src\main\AndroidManifest.xml:7:5-43
	android:targetSdkVersion
		INJECTED from src\main\AndroidManifest.xml
		INJECTED from src\main\AndroidManifest.xml
	android:minSdkVersion
		ADDED from src\main\AndroidManifest.xml:7:15-40
		INJECTED from src\main\AndroidManifest.xml
		INJECTED from src\main\AndroidManifest.xml
application
ADDED from src\main\AndroidManifest.xml:9:5-137:19
	android:label
		ADDED from src\main\AndroidManifest.xml:11:9-41
	android:icon
		ADDED from src\main\AndroidManifest.xml:10:9-38
	android:theme
		ADDED from src\main\AndroidManifest.xml:12:9-56
activity#univ.donga.dw.cover.CoverActivity
ADDED from src\main\AndroidManifest.xml:13:9-21:20
	android:label
		ADDED from src\main\AndroidManifest.xml:15:13-56
	android:name
		ADDED from src\main\AndroidManifest.xml:14:13-61
intent-filter#android.intent.action.MAIN+android.intent.category.LAUNCHER
ADDED from src\main\AndroidManifest.xml:16:13-20:29
action#android.intent.action.MAIN
ADDED from src\main\AndroidManifest.xml:17:17-69
	android:name
		ADDED from src\main\AndroidManifest.xml:17:25-66
category#android.intent.category.LAUNCHER
ADDED from src\main\AndroidManifest.xml:19:17-77
	android:name
		ADDED from src\main\AndroidManifest.xml:19:27-74
activity#univ.donga.dw.main.MainActivity
ADDED from src\main\AndroidManifest.xml:22:9-25:20
	android:label
		ADDED from src\main\AndroidManifest.xml:24:13-56
	android:name
		ADDED from src\main\AndroidManifest.xml:23:13-59
activity#univ.donga.dw.card.StudentCardActivity
ADDED from src\main\AndroidManifest.xml:26:9-29:20
	android:label
		ADDED from src\main\AndroidManifest.xml:28:13-45
	android:name
		ADDED from src\main\AndroidManifest.xml:27:13-66
activity#univ.donga.dw.card.StudentCardEditActivity
ADDED from src\main\AndroidManifest.xml:30:9-34:21
	android:label
		ADDED from src\main\AndroidManifest.xml:33:13-45
	android:theme
		ADDED from src\main\AndroidManifest.xml:31:13-56
	android:name
		ADDED from src\main\AndroidManifest.xml:32:13-70
activity#univ.donga.dw.carte.CarteActivity
ADDED from src\main\AndroidManifest.xml:35:9-38:20
	android:label
		ADDED from src\main\AndroidManifest.xml:37:13-45
	android:name
		ADDED from src\main\AndroidManifest.xml:36:13-61
activity#univ.donga.dw.carte.CarteDialogActivity
ADDED from src\main\AndroidManifest.xml:39:9-43:20
	android:label
		ADDED from src\main\AndroidManifest.xml:42:13-45
	android:theme
		ADDED from src\main\AndroidManifest.xml:40:13-56
	android:name
		ADDED from src\main\AndroidManifest.xml:41:13-67
receiver#univ.donga.dw.carte_receiver.WidgetCarteReceiverTwoTwo
ADDED from src\main\AndroidManifest.xml:45:9-55:20
	android:label
		ADDED from src\main\AndroidManifest.xml:47:13-38
	android:name
		ADDED from src\main\AndroidManifest.xml:46:13-82
intent-filter#android.appwidget.action.APPWIDGET_UPDATE
ADDED from src\main\AndroidManifest.xml:48:13-50:29
action#android.appwidget.action.APPWIDGET_UPDATE
ADDED from src\main\AndroidManifest.xml:49:17-84
	android:name
		ADDED from src\main\AndroidManifest.xml:49:25-81
meta-data#android.appwidget.provider
ADDED from src\main\AndroidManifest.xml:52:13-54:59
	android:resource
		ADDED from src\main\AndroidManifest.xml:54:17-56
	android:name
		ADDED from src\main\AndroidManifest.xml:53:17-58
receiver#univ.donga.dw.carte_receiver.WidgetCarteReceiverTwoFour
ADDED from src\main\AndroidManifest.xml:56:9-66:20
	android:label
		ADDED from src\main\AndroidManifest.xml:58:13-38
	android:name
		ADDED from src\main\AndroidManifest.xml:57:13-83
activity#univ.donga.dw.widget.WidgetCarteConfigTwoTwoActivity
ADDED from src\main\AndroidManifest.xml:68:9-74:20
	android:label
		ADDED from src\main\AndroidManifest.xml:70:13-64
	android:name
		ADDED from src\main\AndroidManifest.xml:69:13-80
intent-filter#android.appwidget.action.APPWIDGET_CONFIGURE
ADDED from src\main\AndroidManifest.xml:71:13-73:29
action#android.appwidget.action.APPWIDGET_CONFIGURE
ADDED from src\main\AndroidManifest.xml:72:17-87
	android:name
		ADDED from src\main\AndroidManifest.xml:72:25-84
activity#univ.donga.dw.widget.WidgetCarteConfigTwoFourActivity
ADDED from src\main\AndroidManifest.xml:75:9-81:20
	android:label
		ADDED from src\main\AndroidManifest.xml:77:13-64
	android:name
		ADDED from src\main\AndroidManifest.xml:76:13-81
activity#univ.donga.dw.seat.SeatActivity
ADDED from src\main\AndroidManifest.xml:82:9-85:20
	android:label
		ADDED from src\main\AndroidManifest.xml:84:13-56
	android:name
		ADDED from src\main\AndroidManifest.xml:83:13-59
service#univ.donga.dw.service.CampusManagerService
ADDED from src\main\AndroidManifest.xml:87:9-93:19
	android:enabled
		ADDED from src\main\AndroidManifest.xml:89:13-35
	android:name
		ADDED from src\main\AndroidManifest.xml:88:13-70
intent-filter#univ.donga.dw.service.CampusManagerService
ADDED from src\main\AndroidManifest.xml:90:13-92:29
action#univ.donga.dw.service.CampusManagerService
ADDED from src\main\AndroidManifest.xml:91:17-85
	android:name
		ADDED from src\main\AndroidManifest.xml:91:25-82
receiver#univ.donga.dw.service.ServiceStartBR
ADDED from src\main\AndroidManifest.xml:95:9-99:20
	android:name
		ADDED from src\main\AndroidManifest.xml:95:19-70
intent-filter#android.intent.action.BOOT_COMPLETED
ADDED from src\main\AndroidManifest.xml:96:13-98:29
action#android.intent.action.BOOT_COMPLETED
ADDED from src\main\AndroidManifest.xml:97:17-79
	android:name
		ADDED from src\main\AndroidManifest.xml:97:25-76
activity#univ.donga.dw.book.BookActivity
ADDED from src\main\AndroidManifest.xml:101:9-104:20
	android:label
		ADDED from src\main\AndroidManifest.xml:103:13-56
	android:name
		ADDED from src\main\AndroidManifest.xml:102:13-59
activity#univ.donga.dw.job.JobActivity
ADDED from src\main\AndroidManifest.xml:106:9-109:20
	android:label
		ADDED from src\main\AndroidManifest.xml:108:13-56
	android:name
		ADDED from src\main\AndroidManifest.xml:107:13-57
activity#univ.donga.dw.login.BookLoginActivity
ADDED from src\main\AndroidManifest.xml:111:9-114:20
	android:label
		ADDED from src\main\AndroidManifest.xml:113:13-56
	android:name
		ADDED from src\main\AndroidManifest.xml:112:13-65
activity#univ.donga.dw.taxi.TaxiTalkActivity
ADDED from src\main\AndroidManifest.xml:115:9-118:20
	android:label
		ADDED from src\main\AndroidManifest.xml:117:13-56
	android:name
		ADDED from src\main\AndroidManifest.xml:116:13-63
activity#univ.donga.dw.campus.CampusGuideActivity
ADDED from src\main\AndroidManifest.xml:120:9-123:20
	android:label
		ADDED from src\main\AndroidManifest.xml:122:13-56
	android:name
		ADDED from src\main\AndroidManifest.xml:121:13-68
activity#univ.donga.dw.info.job.TestingActivity
ADDED from src\main\AndroidManifest.xml:124:9-127:20
	android:label
		ADDED from src\main\AndroidManifest.xml:126:13-56
	android:name
		ADDED from src\main\AndroidManifest.xml:125:13-53
activity#univ.donga.dw.board.Test2
ADDED from src\main\AndroidManifest.xml:128:9-131:20
	android:label
		ADDED from src\main\AndroidManifest.xml:130:13-56
	android:name
		ADDED from src\main\AndroidManifest.xml:129:13-40
activity#univ.donga.dw.board.BoardActivity
ADDED from src\main\AndroidManifest.xml:132:9-136:20
	android:label
		ADDED from src\main\AndroidManifest.xml:134:13-32
	android:theme
		ADDED from src\main\AndroidManifest.xml:135:13-44
	android:name
		ADDED from src\main\AndroidManifest.xml:133:13-48
uses-permission#android.permission.INTERNET
ADDED from src\main\AndroidManifest.xml:139:5-67
	android:name
		ADDED from src\main\AndroidManifest.xml:139:22-64
uses-permission#android.permission.RECEIVE_BOOT_COMPLETED
ADDED from src\main\AndroidManifest.xml:140:5-81
	android:name
		ADDED from src\main\AndroidManifest.xml:140:22-78
uses-permission#android.permission.WRITE_EXTERNAL_STORAGE
ADDED from src\main\AndroidManifest.xml:141:5-80
	android:name
		ADDED from src\main\AndroidManifest.xml:141:22-78